-------------------------------------------------------------------------------
Test set: com.power222.tuimspfcauppbj.TheUltimateInternshipManagerSoftwarePlatformForCollegeAndUniversityPlusPoweredByJavaApplicationTests
-------------------------------------------------------------------------------
Tests run: 8, Failures: 0, Errors: 0, Skipped: 0, Time elapsed: 12.437 s - in com.power222.tuimspfcauppbj.TheUltimateInternshipManagerSoftwarePlatformForCollegeAndUniversityPlusPoweredByJavaApplicationTests
