<?xml version="1.0" encoding="UTF-8"?>
<testsuite xmlns:xsi="http://www.w3.org/2001/XMLSchema-instance" xsi:noNamespaceSchemaLocation="https://maven.apache.org/surefire/maven-surefire-plugin/xsd/surefire-test-report.xsd" name="com.power222.tuimspfcauppbj.service.RsocketNotificationServiceTests" time="3.087" tests="7" errors="0" skipped="0" failures="0">
  <properties>
[...]
</properties>
  <testcase name="notifyTest" classname="com.power222.tuimspfcauppbj.service.RsocketNotificationServiceTests" time="0.037"/>
  <testcase name="subscribeToAcksZeroUUIDTest" classname="com.power222.tuimspfcauppbj.service.RsocketNotificationServiceTests" time="0.006"/>
  <testcase name="subscribeToAcksTest" classname="com.power222.tuimspfcauppbj.service.RsocketNotificationServiceTests" time="0"/>
  <testcase name="notifyNoSinkTest" classname="com.power222.tuimspfcauppbj.service.RsocketNotificationServiceTests" time="0.001"/>
  <testcase name="multipleSubscribeForUserTest" classname="com.power222.tuimspfcauppbj.service.RsocketNotificationServiceTests" time="2.034"/>
  <testcase name="subscribeForUserTest" classname="com.power222.tuimspfcauppbj.service.RsocketNotificationServiceTests" time="1.003"/>
  <testcase name="subscribeForUserOnErrorTest" classname="com.power222.tuimspfcauppbj.service.RsocketNotificationServiceTests" time="0.005"/>
</testsuite>